Arguments: 
  /home/scott/.nvm/versions/node/v10.16.3/bin/node /usr/bin/yarn add --dev @babel-loader @babel/core @babel/preset-react @babel/preset-typescript typescript

PATH: 
  /home/scott/.nvm/versions/node/v10.16.3/bin:/home/scott/.local/bin:/usr/local/bin:/usr/bin:/bin:/usr/local/sbin:/usr/lib/jvm/default/bin:/usr/bin/site_perl:/usr/bin/vendor_perl:/usr/bin/core_perl

Yarn version: 
  1.17.3

Node version: 
  10.16.3

Platform: 
  linux x64

Trace: 
  Error: https://registry.yarnpkg.com/@babel-loader: Request "https://registry.yarnpkg.com/@babel-loader" returned a 405
      at Request.params.callback [as _callback] (/usr/lib/node_modules/yarn/lib/cli.js:66839:18)
      at Request.self.callback (/usr/lib/node_modules/yarn/lib/cli.js:140464:22)
      at Request.emit (events.js:198:13)
      at Request.<anonymous> (/usr/lib/node_modules/yarn/lib/cli.js:141436:10)
      at Request.emit (events.js:198:13)
      at IncomingMessage.<anonymous> (/usr/lib/node_modules/yarn/lib/cli.js:141358:12)
      at Object.onceWrapper (events.js:286:20)
      at IncomingMessage.emit (events.js:203:15)
      at endReadableNT (_stream_readable.js:1145:12)
      at process._tickCallback (internal/process/next_tick.js:63:19)

npm manifest: 
  {
    "name": "ezygit",
    "productName": "ezygit",
    "version": "1.0.0",
    "description": "My Electron application description",
    "main": "src/index.js",
    "scripts": {
      "start": "electron-forge start",
      "package": "electron-forge package",
      "make": "electron-forge make",
      "publish": "electron-forge publish",
      "lint": "echo \"No linting configured\""
    },
    "keywords": [],
    "author": "scott",
    "license": "MIT",
    "config": {
      "forge": {
        "plugins": [
          [
            "@electron-forge/plugin-webpack",
            {
              "mainConfig": "./webpack.main.config.js",
              "renderer": {
                "config": "./webpack.renderer.config.js",
                "entryPoints": [
                  {
                    "html": "./src/index.html",
                    "js": "./src/app.tsx",
                    "name": "main_window"
                  }
                ]
              }
            }
          ]
        ],
        "packagerConfig": {},
        "makers": [
          {
            "name": "@electron-forge/maker-squirrel",
            "config": {
              "name": "ezygit"
            }
          },
          {
            "name": "@electron-forge/maker-zip",
            "platforms": [
              "darwin"
            ]
          },
          {
            "name": "@electron-forge/maker-deb",
            "config": {}
          },
          {
            "name": "@electron-forge/maker-rpm",
            "config": {}
          }
        ]
      }
    },
    "dependencies": {
      "@electron-forge/plugin-webpack": "^6.0.0-beta.45",
      "electron-squirrel-startup": "^1.0.0",
      "react": "^16.9.0",
      "react-dom": "^16.9.0"
    },
    "devDependencies": {
      "@electron-forge/cli": "^6.0.0-beta.33",
      "@electron-forge/maker-deb": "^6.0.0-beta.33",
      "@electron-forge/maker-rpm": "^6.0.0-beta.33",
      "@electron-forge/maker-squirrel": "^6.0.0-beta.33",
      "@electron-forge/maker-zip": "^6.0.0-beta.33",
      "electron": "6.0.10"
    }
  }

yarn manifest: 
  No manifest

Lockfile: 
  No lockfile
